# JRE version: Java(TM) SE Runtime Environment (8.0_20-b26) (build 1.8.0_20-b26)
# Java VM: Java HotSpot(TM) 64-Bit Server VM (25.20-b23 mixed mode windows-amd64 compressed oops)
Heap:
 PSYoungGen      total 33792K, used 14254K [0x00000000ed800000, 0x00000000f0e80000, 0x0000000100000000)
  eden space 28672K, 33% used [0x00000000ed800000,0x00000000ee182808,0x00000000ef400000)
  from space 5120K, 88% used [0x00000000ef400000,0x00000000ef869078,0x00000000ef900000)
  to   space 5120K, 0% used [0x00000000f0980000,0x00000000f0980000,0x00000000f0e80000)
 ParOldGen       total 26112K, used 12689K [0x00000000c8800000, 0x00000000ca180000, 0x00000000ed800000)
  object space 26112K, 48% used [0x00000000c8800000,0x00000000c9464438,0x00000000ca180000)
 Metaspace       used 28780K, capacity 29050K, committed 29488K, reserved 1075200K
  class space    used 3432K, capacity 3515K, committed 3632K, reserved 1048576K
GC Heap History (10 events):
Event: 133.186 GC heap before
{Heap before GC invocations=6 (full 1):
 PSYoungGen      total 16896K, used 14848K [0x00000000ed800000, 0x00000000eea80000, 0x0000000100000000)
  eden space 14848K, 100% used [0x00000000ed800000,0x00000000ee680000,0x00000000ee680000)
  from space 2048K, 0% used [0x00000000ee880000,0x00000000ee880000,0x00000000eea80000)
  to   space 2048K, 0% used [0x00000000ee680000,0x00000000ee680000,0x00000000ee880000)
 ParOldGen       total 26112K, used 8332K [0x00000000c8800000, 0x00000000ca180000, 0x00000000ed800000)
  object space 26112K, 31% used [0x00000000c8800000,0x00000000c90230a0,0x00000000ca180000)
 Metaspace       used 23859K, capacity 24086K, committed 24368K, reserved 1071104K
  class space    used 2915K, capacity 2997K, committed 3120K, reserved 1048576K
Event: 133.199 GC heap after
Heap after GC invocations=6 (full 1):
 PSYoungGen      total 16896K, used 2032K [0x00000000ed800000, 0x00000000eef80000, 0x0000000100000000)
  eden space 14848K, 0% used [0x00000000ed800000,0x00000000ed800000,0x00000000ee680000)
  from space 2048K, 99% used [0x00000000ee680000,0x00000000ee87c020,0x00000000ee880000)
  to   space 4608K, 0% used [0x00000000eeb00000,0x00000000eeb00000,0x00000000eef80000)
 ParOldGen       total 26112K, used 9942K [0x00000000c8800000, 0x00000000ca180000, 0x00000000ed800000)
  object space 26112K, 38% used [0x00000000c8800000,0x00000000c91b5bc0,0x00000000ca180000)
 Metaspace       used 23859K, capacity 24086K, committed 24368K, reserved 1071104K
  class space    used 2915K, capacity 2997K, committed 3120K, reserved 1048576K
}
Event: 134.147 GC heap before
{Heap before GC invocations=7 (full 1):
 PSYoungGen      total 16896K, used 16880K [0x00000000ed800000, 0x00000000eef80000, 0x0000000100000000)
  eden space 14848K, 100% used [0x00000000ed800000,0x00000000ee680000,0x00000000ee680000)
  from space 2048K, 99% used [0x00000000ee680000,0x00000000ee87c020,0x00000000ee880000)
  to   space 4608K, 0% used [0x00000000eeb00000,0x00000000eeb00000,0x00000000eef80000)
 ParOldGen       total 26112K, used 9942K [0x00000000c8800000, 0x00000000ca180000, 0x00000000ed800000)
  object space 26112K, 38% used [0x00000000c8800000,0x00000000c91b5bc0,0x00000000ca180000)
 Metaspace       used 25069K, capacity 25276K, committed 25520K, reserved 1071104K
  class space    used 3090K, capacity 3158K, committed 3248K, reserved 1048576K
Event: 134.218 GC heap after
Heap after GC invocations=7 (full 1):
 PSYoungGen      total 19456K, used 3413K [0x00000000ed800000, 0x00000000efc80000, 0x0000000100000000)
  eden space 14848K, 0% used [0x00000000ed800000,0x00000000ed800000,0x00000000ee680000)
  from space 4608K, 74% used [0x00000000eeb00000,0x00000000eee55728,0x00000000eef80000)
  to   space 4608K, 0% used [0x00000000ee680000,0x00000000ee680000,0x00000000eeb00000)
 ParOldGen       total 26112K, used 9950K [0x00000000c8800000, 0x00000000ca180000, 0x00000000ed800000)
  object space 26112K, 38% used [0x00000000c8800000,0x00000000c91b7bc0,0x00000000ca180000)
 Metaspace       used 25069K, capacity 25276K, committed 25520K, reserved 1071104K
  class space    used 3090K, capacity 3158K, committed 3248K, reserved 1048576K
}
Event: 134.385 GC heap before
{Heap before GC invocations=8 (full 1):
 PSYoungGen      total 19456K, used 18261K [0x00000000ed800000, 0x00000000efc80000, 0x0000000100000000)
  eden space 14848K, 100% used [0x00000000ed800000,0x00000000ee680000,0x00000000ee680000)
  from space 4608K, 74% used [0x00000000eeb00000,0x00000000eee55728,0x00000000eef80000)
  to   space 4608K, 0% used [0x00000000ee680000,0x00000000ee680000,0x00000000eeb00000)
 ParOldGen       total 26112K, used 9950K [0x00000000c8800000, 0x00000000ca180000, 0x00000000ed800000)
  object space 26112K, 38% used [0x00000000c8800000,0x00000000c91b7bc0,0x00000000ca180000)
 Metaspace       used 25142K, capacity 25364K, committed 25776K, reserved 1071104K
  class space    used 3093K, capacity 3162K, committed 3248K, reserved 1048576K
Event: 134.393 GC heap after
Heap after GC invocations=8 (full 1):
 PSYoungGen      total 19456K, used 2832K [0x00000000ed800000, 0x00000000efe00000, 0x0000000100000000)
  eden space 14848K, 0% used [0x00000000ed800000,0x00000000ed800000,0x00000000ee680000)
  from space 4608K, 61% used [0x00000000ee680000,0x00000000ee944020,0x00000000eeb00000)
  to   space 5120K, 0% used [0x00000000ef900000,0x00000000ef900000,0x00000000efe00000)
 ParOldGen       total 26112K, used 9958K [0x00000000c8800000, 0x00000000ca180000, 0x00000000ed800000)
  object space 26112K, 38% used [0x00000000c8800000,0x00000000c91b9bc0,0x00000000ca180000)
 Metaspace       used 25142K, capacity 25364K, committed 25776K, reserved 1071104K
  class space    used 3093K, capacity 3162K, committed 3248K, reserved 1048576K
}
Event: 134.514 GC heap before
{Heap before GC invocations=9 (full 1):
 PSYoungGen      total 19456K, used 17680K [0x00000000ed800000, 0x00000000efe00000, 0x0000000100000000)
  eden space 14848K, 100% used [0x00000000ed800000,0x00000000ee680000,0x00000000ee680000)
  from space 4608K, 61% used [0x00000000ee680000,0x00000000ee944020,0x00000000eeb00000)
  to   space 5120K, 0% used [0x00000000ef900000,0x00000000ef900000,0x00000000efe00000)
 ParOldGen       total 26112K, used 9958K [0x00000000c8800000, 0x00000000ca180000, 0x00000000ed800000)
  object space 26112K, 38% used [0x00000000c8800000,0x00000000c91b9bc0,0x00000000ca180000)
 Metaspace       used 25242K, capacity 25428K, committed 25776K, reserved 1071104K
  class space    used 3098K, capacity 3162K, committed 3248K, reserved 1048576K
Event: 134.545 GC heap after
Heap after GC invocations=9 (full 1):
 PSYoungGen      total 33792K, used 2896K [0x00000000ed800000, 0x00000000efe80000, 0x0000000100000000)
  eden space 28672K, 0% used [0x00000000ed800000,0x00000000ed800000,0x00000000ef400000)
  from space 5120K, 56% used [0x00000000ef900000,0x00000000efbd4020,0x00000000efe00000)
  to   space 5120K, 0% used [0x00000000ef400000,0x00000000ef400000,0x00000000ef900000)
 ParOldGen       total 26112K, used 9966K [0x00000000c8800000, 0x00000000ca180000, 0x00000000ed800000)
  object space 26112K, 38% used [0x00000000c8800000,0x00000000c91bbbc0,0x00000000ca180000)
 Metaspace       used 25242K, capacity 25428K, committed 25776K, reserved 1071104K
  class space    used 3098K, capacity 3162K, committed 3248K, reserved 1048576K
}
Event: 137.074 GC heap before
{Heap before GC invocations=10 (full 1):
 PSYoungGen      total 33792K, used 31568K [0x00000000ed800000, 0x00000000efe80000, 0x0000000100000000)
  eden space 28672K, 100% used [0x00000000ed800000,0x00000000ef400000,0x00000000ef400000)
  from space 5120K, 56% used [0x00000000ef900000,0x00000000efbd4020,0x00000000efe00000)
  to   space 5120K, 0% used [0x00000000ef400000,0x00000000ef400000,0x00000000ef900000)
 ParOldGen       total 26112K, used 9966K [0x00000000c8800000, 0x00000000ca180000, 0x00000000ed800000)
  object space 26112K, 38% used [0x00000000c8800000,0x00000000c91bbbc0,0x00000000ca180000)
 Metaspace       used 28375K, capacity 28570K, committed 28848K, reserved 1075200K
  class space    used 3394K, capacity 3483K, committed 3504K, reserved 1048576K
Event: 137.236 GC heap after
Heap after GC invocations=10 (full 1):
 PSYoungGen      total 33792K, used 4516K [0x00000000ed800000, 0x00000000f0e80000, 0x0000000100000000)
  eden space 28672K, 0% used [0x00000000ed800000,0x00000000ed800000,0x00000000ef400000)
  from space 5120K, 88% used [0x00000000ef400000,0x00000000ef869078,0x00000000ef900000)
  to   space 5120K, 0% used [0x00000000f0980000,0x00000000f0980000,0x00000000f0e80000)
 ParOldGen       total 26112K, used 12689K [0x00000000c8800000, 0x00000000ca180000, 0x00000000ed800000)
  object space 26112K, 48% used [0x00000000c8800000,0x00000000c9464438,0x00000000ca180000)
 Metaspace       used 28375K, capacity 28570K, committed 28848K, reserved 1075200K
  class space    used 3394K, capacity 3483K, committed 3504K, reserved 1048576K
}

